Arguments: 
  /Users/sramachandra/.nvm/versions/node/v10.23.2/bin/node /Users/sramachandra/.nvm/versions/node/v10.23.2/bin/yarn info

PATH: 
  /Users/sramachandra/.nvm/versions/node/v10.23.2/bin:/usr/local/bin:/usr/bin:/bin:/usr/sbin:/sbin:/Library/Apple/usr/bin:/Users/sramachandra/Library/Android/sdk/platform-tools:/Users/sramachandra/Library/Android/sdk/tools:/Users/sramachandra/Library/Android/sdk/bin:/Users/sramachandra/Library/Android/sdk/bin:/Users/sramachandra/Library/Android/sdk/tools:/Users/sramachandra/Library/Android/sdk/platform-tools:/Users/sramachandra/Library/Android/sdk/build-tools/29.0.0:/Users/sramachandra/.gradle/gradle-5.1.1/bin:/Users/sramachandra/AndroidStudioProjects:/usr/local/Cellar/kafka/1.0.0/bin:/Users/sramachandra/apache-maven-3.6.3:/Users/sramachandra/apache-maven-3.6.3/bin:/Users/sramachandra/tizen-studio_1/tools:/usr/local/mysql/bin/:/Users/sramachandra/Library/Python/3.8/bin

Yarn version: 
  1.22.11

Node version: 
  10.23.2

Platform: 
  darwin x64

Trace: 
  SyntaxError: /Users/sramachandra/Public/sourcecode/test/test-npm-repo/package.json: Unexpected token } in JSON at position 591
      at JSON.parse (<anonymous>)
      at /Users/sramachandra/.nvm/versions/node/v10.23.2/lib/node_modules/yarn/lib/cli.js:1625:59
      at Generator.next (<anonymous>)
      at step (/Users/sramachandra/.nvm/versions/node/v10.23.2/lib/node_modules/yarn/lib/cli.js:310:30)
      at /Users/sramachandra/.nvm/versions/node/v10.23.2/lib/node_modules/yarn/lib/cli.js:321:13

npm manifest: 
  {
    "name": "@sarathramachandra/test-npm-repo",
    "version": "1.0.12",
    "description": "Test npm package repo with math utils of addition and subtraction",
    "main": "src/index.js",
    "scripts": {
      "test": "echo \"Error: no test specified\" && exit 1"
    },
    "repository": {
      "type": "git",
      "url": "git+https://github.com/SarathRamachandra/test-npm-repo.git"
    },
    "author": "SarathRamachandra",
    "license": "MIT",
    "bugs": {
      "url": "https://github.com/SarathRamachandra/test-npm-repo/issues"
    },
    "homepage": "https://github.com/SarathRamachandra/test-npm-repo#readme",
  }

yarn manifest: 
  No manifest

Lockfile: 
  No lockfile
